<?xml version="1.0" encoding="UTF-8"?>
<!-- Generated by org.testng.reporters.JUnitReportReporter -->
<testsuite hostname="LAPTOP-6T9H00EH" failures="0" tests="1" name="testcase.TC_008_AddProductstoCart" time="5.092" errors="0" timestamp="2024-12-21T20:55:42 NPT" skipped="0">
  <testcase classname="testcase.TC_008_AddProductstoCart" name="test" time="5.092"/>
</testsuite> <!-- testcase.TC_008_AddProductstoCart -->
