<?xml version="1.0" encoding="UTF-8"?>
<!-- Generated by org.testng.reporters.JUnitReportReporter -->
<testsuite hostname="LAPTOP-6T9H00EH" failures="0" tests="1" name="testcase.TC_011_RemoveProductTest" time="6.816" errors="0" timestamp="2024-12-21T20:55:42 NPT" skipped="0">
  <testcase classname="testcase.TC_011_RemoveProductTest" name="test" time="6.816"/>
</testsuite> <!-- testcase.TC_011_RemoveProductTest -->
