<?xml version="1.0" encoding="UTF-8"?>
<!-- Generated by org.testng.reporters.JUnitReportReporter -->
<testsuite hostname="LAPTOP-6T9H00EH" failures="0" tests="1" name="testcase.TC_013_CategoryPageTest" time="7.125" errors="0" timestamp="2024-12-20T15:51:10 NPT" skipped="0">
  <testcase classname="testcase.TC_013_CategoryPageTest" name="test" time="7.125"/>
</testsuite> <!-- testcase.TC_013_CategoryPageTest -->
