<?xml version="1.0" encoding="UTF-8"?>
<!-- Generated by org.testng.reporters.JUnitReportReporter -->
<testsuite hostname="LAPTOP-6T9H00EH" failures="0" tests="2" name="testcase.TC_016_VerifySubscriptionInHomepageAndCartTest" time="2.453" errors="0" timestamp="2024-12-21T20:55:42 NPT" skipped="0">
  <testcase classname="testcase.TC_016_VerifySubscriptionInHomepageAndCartTest" name="verifySubscriptionOnHomePage" time="0.338"/>
  <testcase classname="testcase.TC_016_VerifySubscriptionInHomepageAndCartTest" name="verifySubscriptionOnCartPage" time="2.115"/>
</testsuite> <!-- testcase.TC_016_VerifySubscriptionInHomepageAndCartTest -->
